<?xml version="1.0" encoding="UTF-8"?>
<TestRun id="b7936eec-051b-4c16-9465-8528c01191e0" name="@b19c650291c3 2018-03-27 13:10:53" xmlns="http://microsoft.com/schemas/VisualStudio/TeamTest/2010">
  <Times creation="2018-03-27T13:10:53.5838601+00:00" queuing="2018-03-27T13:10:53.5838693+00:00" start="2018-03-27T13:10:51.0302985+00:00" finish="2018-03-27T13:10:53.6068383+00:00" />
  <TestSettings name="default" id="2c138de9-0caf-4401-8e6a-ec18b5c850aa">
    <Deployment runDeploymentRoot="_b19c650291c3_2018-03-27_13_10_53" />
  </TestSettings>
  <Results>
    <UnitTestResult executionId="417011a4-4ffa-4227-8494-985f8d951e11" testId="e09ee652-f853-42b0-a5e8-e76e7bdaa9ca" testName="web.test.UnitTest1.Test1" computerName="b19c650291c3" duration="00:00:00.0090000" startTime="2018-03-27T13:10:53.3769437+00:00" endTime="2018-03-27T13:10:53.3769469+00:00" testType="13cdc9d9-ddb5-4fa4-a97d-d965ccfc6d4b" outcome="Passed" testListId="8c84fa94-04c1-424b-9868-57a2d4851a1d" relativeResultsDirectory="417011a4-4ffa-4227-8494-985f8d951e11" />
  </Results>
  <TestDefinitions>
    <UnitTest name="web.test.UnitTest1.Test1" storage="/src/web.test/bin/debug/netcoreapp2.0/web.test.dll" id="e09ee652-f853-42b0-a5e8-e76e7bdaa9ca">
      <Execution id="417011a4-4ffa-4227-8494-985f8d951e11" />
      <TestMethod codeBase="/src/web.test/bin/Debug/netcoreapp2.0/web.test.dll" executorUriOfAdapter="executor://xunit/VsTestRunner2/netcoreapp" className="web.test.UnitTest1" name="web.test.UnitTest1.Test1" />
    </UnitTest>
  </TestDefinitions>
  <TestEntries>
    <TestEntry testId="e09ee652-f853-42b0-a5e8-e76e7bdaa9ca" executionId="417011a4-4ffa-4227-8494-985f8d951e11" testListId="8c84fa94-04c1-424b-9868-57a2d4851a1d" />
  </TestEntries>
  <TestLists>
    <TestList name="Results Not in a List" id="8c84fa94-04c1-424b-9868-57a2d4851a1d" />
    <TestList name="All Loaded Results" id="19431567-8539-422a-85d7-44ee4e166bda" />
  </TestLists>
  <ResultSummary outcome="Completed">
    <Counters total="1" executed="1" passed="1" failed="0" error="0" timeout="0" aborted="0" inconclusive="0" passedButRunAborted="0" notRunnable="0" notExecuted="0" disconnected="0" warning="0" completed="0" inProgress="0" pending="0" />
    <Output>
      <StdOut>[xUnit.net 00:00:00.5553562]   Discovering: web.test[xUnit.net 00:00:00.6352191]   Discovered:  web.test[xUnit.net 00:00:00.6431855]   Starting:    web.test[xUnit.net 00:00:00.8225503]   Finished:    web.test</StdOut>
    </Output>
  </ResultSummary>
</TestRun>