<?xml version="1.0" encoding="UTF-8"?>
<TestRun id="d3acb2ed-dd31-40db-ab32-9e19afc981ca" name="@6d9f4d346f4a 2018-03-26 12:09:14" xmlns="http://microsoft.com/schemas/VisualStudio/TeamTest/2010">
  <Times creation="2018-03-26T12:09:14.3470591+00:00" queuing="2018-03-26T12:09:14.3470690+00:00" start="2018-03-26T12:09:11.8386703+00:00" finish="2018-03-26T12:09:14.3692631+00:00" />
  <TestSettings name="default" id="a93e1c0c-7dcf-4113-ad60-955e011071cb">
    <Deployment runDeploymentRoot="_6d9f4d346f4a_2018-03-26_12_09_14" />
  </TestSettings>
  <Results>
    <UnitTestResult executionId="5c2ab538-07b4-4a9f-90fb-0b64e7201ce2" testId="3ea42cc5-2e31-4e70-acbf-ccf3f67a23ca" testName="web.test.UnitTest1.Test1" computerName="6d9f4d346f4a" duration="00:00:00.0080000" startTime="2018-03-26T12:09:14.0687193+00:00" endTime="2018-03-26T12:09:14.0687225+00:00" testType="13cdc9d9-ddb5-4fa4-a97d-d965ccfc6d4b" outcome="Passed" testListId="8c84fa94-04c1-424b-9868-57a2d4851a1d" relativeResultsDirectory="5c2ab538-07b4-4a9f-90fb-0b64e7201ce2" />
  </Results>
  <TestDefinitions>
    <UnitTest name="web.test.UnitTest1.Test1" storage="/src/web.test/bin/debug/netcoreapp2.0/web.test.dll" id="3ea42cc5-2e31-4e70-acbf-ccf3f67a23ca">
      <Execution id="5c2ab538-07b4-4a9f-90fb-0b64e7201ce2" />
      <TestMethod codeBase="/src/web.test/bin/Debug/netcoreapp2.0/web.test.dll" executorUriOfAdapter="executor://xunit/VsTestRunner2/netcoreapp" className="web.test.UnitTest1" name="web.test.UnitTest1.Test1" />
    </UnitTest>
  </TestDefinitions>
  <TestEntries>
    <TestEntry testId="3ea42cc5-2e31-4e70-acbf-ccf3f67a23ca" executionId="5c2ab538-07b4-4a9f-90fb-0b64e7201ce2" testListId="8c84fa94-04c1-424b-9868-57a2d4851a1d" />
  </TestEntries>
  <TestLists>
    <TestList name="Results Not in a List" id="8c84fa94-04c1-424b-9868-57a2d4851a1d" />
    <TestList name="All Loaded Results" id="19431567-8539-422a-85d7-44ee4e166bda" />
  </TestLists>
  <ResultSummary outcome="Completed">
    <Counters total="1" executed="1" passed="1" failed="0" error="0" timeout="0" aborted="0" inconclusive="0" passedButRunAborted="0" notRunnable="0" notExecuted="0" disconnected="0" warning="0" completed="0" inProgress="0" pending="0" />
    <Output>
      <StdOut>[xUnit.net 00:00:00.5222210]   Discovering: web.test[xUnit.net 00:00:00.6024487]   Discovered:  web.test[xUnit.net 00:00:00.6103118]   Starting:    web.test[xUnit.net 00:00:00.7813111]   Finished:    web.test</StdOut>
    </Output>
  </ResultSummary>
</TestRun>